<?xml version="1.0" encoding="UTF-8"?>
<!-- Generated by org.testng.reporters.JUnitXMLReporter -->
<testsuite ignored="6" hostname="Narendra_laptop" failures="0" tests="11" name="GUI Tests" time="658.363" errors="0" timestamp="2026-06-07T22:06:46 IST">
  <testcase classname="testcases.FormTest" name="fillFormTest" time="21.647"/>
  <testcase classname="testcases.NavigationScrollTest" name="homeSection" time="17.833"/>
  <testcase classname="testcases.NavigationScrollTest" name="udemySection" time="69.864"/>
  <testcase classname="testcases.NavigationScrollTest" name="onlineTrainingSection" time="31.808"/>
  <testcase classname="testcases.NavigationScrollTest" name="blogSection" time="55.779"/>
  <testcase classname="testcases.NavigationScrollTest" name="playwrightPracticeSection" time="23.087"/>
  <testcase classname="testcases.AlertTest" name="alertValidation" time="14.258"/>
  <testcase classname="testcases.UploadTest" name="uploadFileTest" time="16.096"/>
  <testcase classname="testcases.MouseActionTest" name="mouseActionValidation" time="27.53"/>
  <testcase classname="testcases.DragDropTest" name="dragDropValidation" time="20.378"/>
  <testcase classname="testcases.ScrollTest" name="scrollValidation" time="36.671"/>
  <testcase classname="base.BaseTest" name="@AfterSuite generateReport" time="0.0">
    <ignored/>
  </testcase> <!-- @AfterSuite generateReport -->
  <testcase classname="base.BaseTest" name="@AfterSuite generateReport" time="0.0">
    <ignored/>
  </testcase> <!-- @AfterSuite generateReport -->
  <testcase classname="base.BaseTest" name="@AfterSuite generateReport" time="0.0">
    <ignored/>
  </testcase> <!-- @AfterSuite generateReport -->
  <testcase classname="base.BaseTest" name="@AfterSuite generateReport" time="0.0">
    <ignored/>
  </testcase> <!-- @AfterSuite generateReport -->
  <testcase classname="base.BaseTest" name="@AfterSuite generateReport" time="0.0">
    <ignored/>
  </testcase> <!-- @AfterSuite generateReport -->
  <testcase classname="base.BaseTest" name="@AfterSuite generateReport" time="0.0">
    <ignored/>
  </testcase> <!-- @AfterSuite generateReport -->
</testsuite> <!-- GUI Tests -->
