<?xml version="1.0" encoding="UTF-8"?>
<testng-results ignored="0" total="1" passed="1" failed="0" skipped="0">
  <reporter-output>
  </reporter-output>
  <suite started-at="2026-06-08T15:20:47 IST" name="BlazeDemoSuite" finished-at="2026-06-08T15:20:55 IST" duration-ms="8256">
    <groups>
    </groups>
    <test started-at="2026-06-08T15:20:47 IST" name="FlightBooking" finished-at="2026-06-08T15:20:55 IST" duration-ms="8256">
      <class name="tests.FlightBookingTest">
        <test-method is-config="true" signature="setup()[pri:0, instance:tests.FlightBookingTest@24c1b2d2]" started-at="2026-06-08T15:20:47 IST" name="setup" finished-at="2026-06-08T15:20:51 IST" duration-ms="4173" status="PASS">
          <reporter-output>
          </reporter-output>
        </test-method> <!-- setup -->
        <test-method signature="bookFlight()[pri:0, instance:tests.FlightBookingTest@24c1b2d2]" started-at="2026-06-08T15:20:51 IST" name="bookFlight" finished-at="2026-06-08T15:20:55 IST" duration-ms="3519" status="PASS">
          <reporter-output>
          </reporter-output>
        </test-method> <!-- bookFlight -->
        <test-method is-config="true" signature="tearDown()[pri:0, instance:tests.FlightBookingTest@24c1b2d2]" started-at="2026-06-08T15:20:55 IST" name="tearDown" finished-at="2026-06-08T15:20:55 IST" duration-ms="326" status="PASS">
          <reporter-output>
          </reporter-output>
        </test-method> <!-- tearDown -->
      </class> <!-- tests.FlightBookingTest -->
    </test> <!-- FlightBooking -->
  </suite> <!-- BlazeDemoSuite -->
</testng-results>
