<?xml version="1.0" encoding="UTF-8"?>
<!-- Generated by org.testng.reporters.JUnitReportReporter -->
<testsuite hostname="Narendra_laptop" failures="0" tests="5" name="testcases.NavigationScrollTest" time="339.907" errors="0" timestamp="2026-06-07T22:06:46 IST" skipped="0">
  <testcase classname="testcases.NavigationScrollTest" name="homeSection" time="49.908"/>
  <testcase classname="testcases.NavigationScrollTest" name="udemySection" time="105.420"/>
  <testcase classname="testcases.NavigationScrollTest" name="onlineTrainingSection" time="63.629"/>
  <testcase classname="testcases.NavigationScrollTest" name="blogSection" time="73.188"/>
  <testcase classname="testcases.NavigationScrollTest" name="playwrightPracticeSection" time="47.762"/>
</testsuite> <!-- testcases.NavigationScrollTest -->
