<?xml version="1.0" encoding="UTF-8"?>
<testng-results ignored="0" total="1" passed="1" failed="0" skipped="0">
  <reporter-output>
  </reporter-output>
  <suite started-at="2026-06-12T11:11:03 IST" name="ParaBankSuite" finished-at="2026-06-12T11:12:15 IST" duration-ms="72059">
    <groups>
    </groups>
    <test started-at="2026-06-12T11:11:03 IST" name="ParaBankTests" finished-at="2026-06-12T11:12:15 IST" duration-ms="72059">
      <class name="tests.BankingFlowTest">
        <test-method is-config="true" signature="setup()[pri:0, instance:tests.BankingFlowTest@74235045]" started-at="2026-06-12T11:11:03 IST" name="setup" finished-at="2026-06-12T11:11:05 IST" duration-ms="2006" status="PASS">
          <reporter-output>
          </reporter-output>
        </test-method> <!-- setup -->
        <test-method signature="completeBankingFlow()[pri:0, instance:tests.BankingFlowTest@74235045]" started-at="2026-06-12T11:11:05 IST" name="completeBankingFlow" finished-at="2026-06-12T11:12:14 IST" duration-ms="69510" status="PASS">
          <reporter-output>
          </reporter-output>
        </test-method> <!-- completeBankingFlow -->
        <test-method is-config="true" signature="tearDown()[pri:0, instance:tests.BankingFlowTest@74235045]" started-at="2026-06-12T11:12:15 IST" name="tearDown" finished-at="2026-06-12T11:12:15 IST" duration-ms="294" status="PASS">
          <reporter-output>
          </reporter-output>
        </test-method> <!-- tearDown -->
      </class> <!-- tests.BankingFlowTest -->
    </test> <!-- ParaBankTests -->
  </suite> <!-- ParaBankSuite -->
</testng-results>
