<?xml version="1.0" encoding="UTF-8"?>
<testng-results ignored="0" total="1" passed="1" failed="0" skipped="0">
  <reporter-output>
  </reporter-output>
  <suite started-at="2026-06-11T15:52:30 IST" name="ParaBankSuite" finished-at="2026-06-11T15:53:03 IST" duration-ms="33494">
    <groups>
    </groups>
    <test started-at="2026-06-11T15:52:30 IST" name="ParaBankTest" finished-at="2026-06-11T15:53:03 IST" duration-ms="33494">
      <class name="tests.BankingFlowTest">
        <test-method is-config="true" signature="setup()[pri:0, instance:tests.BankingFlowTest@639c2c1d]" started-at="2026-06-11T15:52:30 IST" name="setup" finished-at="2026-06-11T15:52:34 IST" duration-ms="4283" status="PASS">
          <reporter-output>
          </reporter-output>
        </test-method> <!-- setup -->
        <test-method signature="completeBankingFlow()[pri:0, instance:tests.BankingFlowTest@639c2c1d]" started-at="2026-06-11T15:52:34 IST" name="completeBankingFlow" finished-at="2026-06-11T15:53:03 IST" duration-ms="28821" status="PASS">
          <reporter-output>
          </reporter-output>
        </test-method> <!-- completeBankingFlow -->
        <test-method is-config="true" signature="tearDown()[pri:0, instance:tests.BankingFlowTest@639c2c1d]" started-at="2026-06-11T15:53:03 IST" name="tearDown" finished-at="2026-06-11T15:53:03 IST" duration-ms="334" status="PASS">
          <reporter-output>
          </reporter-output>
        </test-method> <!-- tearDown -->
      </class> <!-- tests.BankingFlowTest -->
    </test> <!-- ParaBankTest -->
  </suite> <!-- ParaBankSuite -->
</testng-results>
